{"contracts\\Raffle.sol":{"l":{"45":3,"46":3,"47":3,"48":3,"49":3,"50":3,"51":3,"52":3,"66":10,"67":10,"68":10,"69":10,"70":10,"71":10,"77":6,"79":6,"80":1,"86":5,"87":5,"94":5,"98":16,"99":2,"101":14,"102":1,"104":13,"105":13,"112":1,"113":1,"114":1,"115":1,"116":1,"117":1,"118":1,"119":1,"120":0,"122":1,"128":4,"132":0,"136":0,"140":1,"144":1,"148":2,"152":14,"156":14,"160":1},"path":"C:\\workstation\\hardhat-smartcontract-fcc\\contracts\\Raffle.sol","s":{"1":3,"2":3,"3":3,"4":3,"5":3,"6":3,"7":3,"8":3,"9":10,"10":10,"11":10,"12":10,"13":10,"14":10,"15":6,"16":6,"17":5,"18":5,"19":5,"20":16,"21":14,"22":13,"23":13,"24":1,"25":1,"26":1,"27":1,"28":1,"29":1,"30":1,"31":1,"32":1,"33":4,"34":0,"35":0,"36":1,"37":1,"38":2,"39":14,"40":14,"41":1},"b":{"1":[1,5],"2":[2,14],"3":[1,13],"4":[0,1]},"f":{"1":3,"2":10,"3":6,"4":16,"5":1,"6":4,"7":0,"8":0,"9":1,"10":1,"11":2,"12":14,"13":14,"14":1},"fnMap":{"1":{"name":"constructor","line":44,"loc":{"start":{"line":37,"column":4},"end":{"line":53,"column":4}}},"2":{"name":"checkUpkeep","line":55,"loc":{"start":{"line":55,"column":4},"end":{"line":72,"column":4}}},"3":{"name":"performUpkeep","line":74,"loc":{"start":{"line":74,"column":4},"end":{"line":95,"column":4}}},"4":{"name":"enterRaffle","line":97,"loc":{"start":{"line":97,"column":4},"end":{"line":106,"column":4}}},"5":{"name":"fulfillRandomWords","line":108,"loc":{"start":{"line":108,"column":4},"end":{"line":123,"column":4}}},"6":{"name":"getRaffleState","line":127,"loc":{"start":{"line":127,"column":4},"end":{"line":129,"column":4}}},"7":{"name":"getNumWords","line":131,"loc":{"start":{"line":131,"column":4},"end":{"line":133,"column":4}}},"8":{"name":"getRequestConfirmations","line":135,"loc":{"start":{"line":135,"column":4},"end":{"line":137,"column":4}}},"9":{"name":"getRecentWinner","line":139,"loc":{"start":{"line":139,"column":4},"end":{"line":141,"column":4}}},"10":{"name":"getPlayer","line":143,"loc":{"start":{"line":143,"column":4},"end":{"line":145,"column":4}}},"11":{"name":"getLastTimeStamp","line":147,"loc":{"start":{"line":147,"column":4},"end":{"line":149,"column":4}}},"12":{"name":"getInterval","line":151,"loc":{"start":{"line":151,"column":4},"end":{"line":153,"column":4}}},"13":{"name":"getEntranceFee","line":155,"loc":{"start":{"line":155,"column":4},"end":{"line":157,"column":4}}},"14":{"name":"getNumberOfPlayers","line":159,"loc":{"start":{"line":159,"column":4},"end":{"line":161,"column":4}}}},"statementMap":{"1":{"start":{"line":45,"column":8},"end":{"line":45,"column":28}},"2":{"start":{"line":46,"column":8},"end":{"line":46,"column":34}},"3":{"start":{"line":47,"column":8},"end":{"line":47,"column":39}},"4":{"start":{"line":48,"column":8},"end":{"line":48,"column":69}},"5":{"start":{"line":49,"column":8},"end":{"line":49,"column":26}},"6":{"start":{"line":50,"column":8},"end":{"line":50,"column":40}},"7":{"start":{"line":51,"column":8},"end":{"line":51,"column":44}},"8":{"start":{"line":52,"column":8},"end":{"line":52,"column":40}},"9":{"start":{"line":66,"column":8},"end":{"line":66,"column":55}},"10":{"start":{"line":67,"column":8},"end":{"line":67,"column":76}},"11":{"start":{"line":68,"column":8},"end":{"line":68,"column":46}},"12":{"start":{"line":69,"column":8},"end":{"line":69,"column":51}},"13":{"start":{"line":70,"column":8},"end":{"line":70,"column":72}},"14":{"start":{"line":71,"column":8},"end":{"line":71,"column":36}},"15":{"start":{"line":77,"column":8},"end":{"line":77,"column":47}},"16":{"start":{"line":79,"column":8},"end":{"line":79,"column":2886}},"17":{"start":{"line":86,"column":8},"end":{"line":86,"column":46}},"18":{"start":{"line":87,"column":8},"end":{"line":87,"column":3154}},"19":{"start":{"line":94,"column":8},"end":{"line":94,"column":45}},"20":{"start":{"line":98,"column":8},"end":{"line":98,"column":3480}},"21":{"start":{"line":101,"column":8},"end":{"line":101,"column":3586}},"22":{"start":{"line":104,"column":8},"end":{"line":104,"column":42}},"23":{"start":{"line":105,"column":8},"end":{"line":105,"column":36}},"24":{"start":{"line":112,"column":8},"end":{"line":112,"column":65}},"25":{"start":{"line":113,"column":8},"end":{"line":113,"column":63}},"26":{"start":{"line":114,"column":8},"end":{"line":114,"column":36}},"27":{"start":{"line":115,"column":8},"end":{"line":115,"column":43}},"28":{"start":{"line":116,"column":8},"end":{"line":116,"column":39}},"29":{"start":{"line":117,"column":8},"end":{"line":117,"column":40}},"30":{"start":{"line":118,"column":8},"end":{"line":118,"column":78}},"31":{"start":{"line":119,"column":8},"end":{"line":119,"column":4308}},"32":{"start":{"line":122,"column":8},"end":{"line":122,"column":39}},"33":{"start":{"line":128,"column":8},"end":{"line":128,"column":28}},"34":{"start":{"line":132,"column":8},"end":{"line":132,"column":24}},"35":{"start":{"line":136,"column":8},"end":{"line":136,"column":36}},"36":{"start":{"line":140,"column":8},"end":{"line":140,"column":29}},"37":{"start":{"line":144,"column":8},"end":{"line":144,"column":31}},"38":{"start":{"line":148,"column":8},"end":{"line":148,"column":30}},"39":{"start":{"line":152,"column":8},"end":{"line":152,"column":25}},"40":{"start":{"line":156,"column":8},"end":{"line":156,"column":28}},"41":{"start":{"line":160,"column":8},"end":{"line":160,"column":31}}},"branchMap":{"1":{"line":79,"type":"if","locations":[{"start":{"line":79,"column":8},"end":{"line":79,"column":8}},{"start":{"line":79,"column":8},"end":{"line":79,"column":8}}]},"2":{"line":98,"type":"if","locations":[{"start":{"line":98,"column":8},"end":{"line":98,"column":8}},{"start":{"line":98,"column":8},"end":{"line":98,"column":8}}]},"3":{"line":101,"type":"if","locations":[{"start":{"line":101,"column":8},"end":{"line":101,"column":8}},{"start":{"line":101,"column":8},"end":{"line":101,"column":8}}]},"4":{"line":119,"type":"if","locations":[{"start":{"line":119,"column":8},"end":{"line":119,"column":8}},{"start":{"line":119,"column":8},"end":{"line":119,"column":8}}]}}},"contracts\\test\\VRFCoordinatorV2Mock.sol":{"l":{},"path":"C:\\workstation\\hardhat-smartcontract-fcc\\contracts\\test\\VRFCoordinatorV2Mock.sol","s":{},"b":{},"f":{},"fnMap":{},"statementMap":{},"branchMap":{}}}