TN:
SF:C:\workstation\hardhat-smartcontract-fcc\contracts\Raffle.sol
FN:44,constructor
FN:55,checkUpkeep
FN:74,performUpkeep
FN:97,enterRaffle
FN:108,fulfillRandomWords
FN:127,getRaffleState
FN:131,getNumWords
FN:135,getRequestConfirmations
FN:139,getRecentWinner
FN:143,getPlayer
FN:147,getLastTimeStamp
FN:151,getInterval
FN:155,getEntranceFee
FN:159,getNumberOfPlayers
FNF:14
FNH:12
FNDA:3,constructor
FNDA:10,checkUpkeep
FNDA:6,performUpkeep
FNDA:16,enterRaffle
FNDA:1,fulfillRandomWords
FNDA:4,getRaffleState
FNDA:0,getNumWords
FNDA:0,getRequestConfirmations
FNDA:1,getRecentWinner
FNDA:1,getPlayer
FNDA:2,getLastTimeStamp
FNDA:14,getInterval
FNDA:14,getEntranceFee
FNDA:1,getNumberOfPlayers
DA:45,3
DA:46,3
DA:47,3
DA:48,3
DA:49,3
DA:50,3
DA:51,3
DA:52,3
DA:66,10
DA:67,10
DA:68,10
DA:69,10
DA:70,10
DA:71,10
DA:77,6
DA:79,6
DA:80,1
DA:86,5
DA:87,5
DA:94,5
DA:98,16
DA:99,2
DA:101,14
DA:102,1
DA:104,13
DA:105,13
DA:112,1
DA:113,1
DA:114,1
DA:115,1
DA:116,1
DA:117,1
DA:118,1
DA:119,1
DA:120,0
DA:122,1
DA:128,4
DA:132,0
DA:136,0
DA:140,1
DA:144,1
DA:148,2
DA:152,14
DA:156,14
DA:160,1
LF:45
LH:42
BRDA:79,1,0,1
BRDA:79,1,1,5
BRDA:98,2,0,2
BRDA:98,2,1,14
BRDA:101,3,0,1
BRDA:101,3,1,13
BRDA:119,4,0,0
BRDA:119,4,1,1
BRF:8
BRH:7
end_of_record
TN:
SF:C:\workstation\hardhat-smartcontract-fcc\contracts\test\VRFCoordinatorV2Mock.sol
FNF:0
FNH:0
LF:0
LH:0
BRF:0
BRH:0
end_of_record
